<?xml version="1.0" encoding="UTF-8"?>
<!-- Generated by org.testng.reporters.JUnitReportReporter -->
<testsuite skipped="0" hostname="nlccu100" name="testcases.VerifyLogin" tests="1" failures="0" timestamp="23 Dec 2017 11:57:18 GMT" time="70.086" errors="0">
  <testcase name="ApplicationLogin" time="70.086" classname="testcases.VerifyLogin"/>
</testsuite> <!-- testcases.VerifyLogin -->
