<?xml version="1.0" encoding="UTF-8"?>
<!-- Generated by org.testng.reporters.JUnitReportReporter -->
<testsuite skipped="0" hostname="nlccu100" name="testcases.CreateCompleteBL" tests="1" failures="0" timestamp="25 Dec 2017 12:21:19 GMT" time="97.017" errors="0">
  <testcase name="ApplicationLogin" time="97.017" classname="testcases.CreateCompleteBL"/>
</testsuite> <!-- testcases.CreateCompleteBL -->
