<?xml version="1.0" encoding="UTF-8"?>
<!-- Generated by org.testng.reporters.JUnitReportReporter -->
<testsuite skipped="0" hostname="nlccu100" name="testcases.CreateDraftBL" tests="1" failures="0" timestamp="23 Dec 2017 11:57:18 GMT" time="62.942" errors="0">
  <testcase name="ApplicationLogin" time="62.942" classname="testcases.CreateDraftBL"/>
</testsuite> <!-- testcases.CreateDraftBL -->
